<?xml version="1.0" encoding="UTF-8"?>
<!-- Generated by org.testng.reporters.JUnitReportReporter -->
<testsuite hostname="CBELAP-067" failures="0" tests="1" name="demo.Browser_in" time="0.020" errors="0" timestamp="13 Aug 2020 15:25:22 GMT" skipped="0">
  <testcase classname="demo.Browser_in" name="titletest" time="0.020"/>
</testsuite> <!-- demo.Browser_in -->
